<?xml version="1.0" encoding="UTF-8"?>
<!-- Generated by org.testng.reporters.JUnitReportReporter -->
<testsuite hostname="HYDHTC125451LT" failures="0" tests="1" name="cucumber.TestNgRunner" time="21.250" errors="0" timestamp="2024-12-11T16:04:01 IST" skipped="0">
  <testcase classname="cucumber.TestNgRunner" name="runScenario" time="21.250"/>
</testsuite> <!-- cucumber.TestNgRunner -->
